* Starting client
* Connecting to master process on port 15603
* Analyzing classpath: 
  - C:\Users\mpran\OneDrive\Desktop\UH_Sem2\PAT\Hwbughunt\target\test-classes
  - C:\Users\mpran\OneDrive\Desktop\UH_Sem2\PAT\Hwbughunt\target\classes
  - C:\Users\mpran\.m2\repository\junit\junit\4.12\junit-4.12.jar
  - C:\Users\mpran\.m2\repository\org\hamcrest\hamcrest-core\1.3\hamcrest-core-1.3.jar
  - C:\Users\mpran\.m2\repository\org\jacoco\org.jacoco.agent\0.8.7\org.jacoco.agent-0.8.7.jar
* Finished analyzing classpath
* Generating tests for class artbughunt.AVLTree
* Test criteria:
  - Line Coverage
  - Branch Coverage
  - Exception
  - Mutation testing (weak)
  - Method-Output Coverage
  - Top-Level Method Coverage
  - No-Exception Top-Level Method Coverage
  - Context Branch Coverage
* Setting up search algorithm for whole suite generation
* Loaded 26 tests from C:\Users\mpran\OneDrive\Desktop\UH_Sem2\PAT\Hwbughunt\.evosuite\evosuite-seeds\artbughunt.AVLTree.seed
* Total number of test goals: 
  - Line 78
  - Branch 48
  - Exception 0
  - MutationFactory 177
  - Output 10
  - Method 8
  - MethodNoException 8
  - CBranchFitnessFactory 48
* Using seed 1650386970536
* Starting evolution
* Search finished after 67s and 46 generations, 22923 statements, best individual has fitness: 23.7
* Writing sequences to pool
* Minimizing test suite
[MASTER] 11:50:53.259 [pool-2-thread-1] WARN  TestSuiteMinimizer - Minimization timeout. Roll back to original test suite
* Going to analyze the coverage criteria
* Coverage analysis for criterion LINE
* Coverage of criterion LINE: 100%
* Total number of goals: 78
* Number of covered goals: 78
* Coverage analysis for criterion BRANCH
* Coverage of criterion BRANCH: 98%
* Total number of goals: 48
* Number of covered goals: 47
* Coverage analysis for criterion EXCEPTION
* Coverage of criterion EXCEPTION: 100%
* Total number of goals: 4
* Number of covered goals: 4
* Coverage analysis for criterion WEAKMUTATION
* Coverage of criterion WEAKMUTATION: 98%
* Total number of goals: 177
* Number of covered goals: 174
* Coverage analysis for criterion OUTPUT
* Coverage of criterion OUTPUT: 100%
* Total number of goals: 10
* Number of covered goals: 10
* Coverage analysis for criterion METHOD
* Coverage of criterion METHOD: 100%
* Total number of goals: 8
* Number of covered goals: 8
* Coverage analysis for criterion METHODNOEXCEPTION
* Coverage of criterion METHODNOEXCEPTION: 100%
* Total number of goals: 8
* Number of covered goals: 8
* Coverage analysis for criterion CBRANCH
* Coverage of criterion CBRANCH: 58%
* Total number of goals: 48
* Number of covered goals: 28
* Generated 21 tests with total length 242
* Resulting test suite's coverage: 94% (average coverage for all fitness functions)
* Generating assertions
[MASTER] 11:51:03.287 [pool-2-thread-1] WARN  SimpleMutationAssertionGenerator - Reached maximum time to generate assertions, aborting assertion generation
* Resulting test suite's mutation score: 72%
* Compiling and checking tests
[MASTER] 11:51:03.330 [pool-2-thread-1] WARN  TimeController - Phase ASSERTION_GENERATION lasted too long, 1 seconds more than allowed.
* Writing JUnit test case 'AVLTree_ESTest' to C:\Users\mpran\OneDrive\Desktop\UH_Sem2\PAT\Hwbughunt\.evosuite\tmp_2022_04_19_11_49_27\tests
* Done!

