* Starting client
* Connecting to master process on port 2005
* Analyzing classpath: 
  - C:\Users\mpran\OneDrive\Desktop\UH_Sem2\PAT\Hwbughunt\target\test-classes
  - C:\Users\mpran\OneDrive\Desktop\UH_Sem2\PAT\Hwbughunt\target\classes
  - C:\Users\mpran\.m2\repository\junit\junit\4.12\junit-4.12.jar
  - C:\Users\mpran\.m2\repository\org\hamcrest\hamcrest-core\1.3\hamcrest-core-1.3.jar
* Finished analyzing classpath
* Generating tests for class artbughunt.AVLTree
* Test criteria:
  - Line Coverage
  - Branch Coverage
  - Exception
  - Mutation testing (weak)
  - Method-Output Coverage
  - Top-Level Method Coverage
  - No-Exception Top-Level Method Coverage
  - Context Branch Coverage
* Setting up search algorithm for whole suite generation
[MASTER] 13:46:12.125 [pool-2-thread-1] WARN  TestSuiteSerialization - Cannot load tests because file does not exist: C:\Users\mpran\OneDrive\Desktop\UH_Sem2\PAT\Hwbughunt\.evosuite\evosuite-seeds\artbughunt.AVLTree.seed
* Loaded 0 tests from C:\Users\mpran\OneDrive\Desktop\UH_Sem2\PAT\Hwbughunt\.evosuite\evosuite-seeds\artbughunt.AVLTree.seed
* Total number of test goals: 
  - Line 78
  - Branch 48
  - Exception 0
  - MutationFactory 177
  - Output 10
  - Method 8
  - MethodNoException 8
  - CBranchFitnessFactory 48
* Using seed 1650134769078
* Starting evolution
* Search finished after 67s and 37 generations, 23699 statements, best individual has fitness: 24.166666666666668
* Writing sequences to pool
* Minimizing test suite
[MASTER] 13:47:37.330 [pool-2-thread-1] WARN  TestSuiteMinimizer - Minimization timeout. Roll back to original test suite
[MASTER] 13:47:37.331 [pool-2-thread-1] WARN  TimeController - Phase MINIMIZATION lasted too long, 2 seconds more than allowed.
* Going to analyze the coverage criteria
* Coverage analysis for criterion LINE
* Coverage of criterion LINE: 100%
* Total number of goals: 78
* Number of covered goals: 78
* Coverage analysis for criterion BRANCH
* Coverage of criterion BRANCH: 98%
* Total number of goals: 48
* Number of covered goals: 47
* Coverage analysis for criterion EXCEPTION
* Coverage of criterion EXCEPTION: 100%
* Total number of goals: 5
* Number of covered goals: 5
* Coverage analysis for criterion WEAKMUTATION
* Coverage of criterion WEAKMUTATION: 98%
* Total number of goals: 177
* Number of covered goals: 173
* Coverage analysis for criterion OUTPUT
* Coverage of criterion OUTPUT: 100%
* Total number of goals: 10
* Number of covered goals: 10
* Coverage analysis for criterion METHOD
* Coverage of criterion METHOD: 100%
* Total number of goals: 8
* Number of covered goals: 8
* Coverage analysis for criterion METHODNOEXCEPTION
* Coverage of criterion METHODNOEXCEPTION: 100%
* Total number of goals: 8
* Number of covered goals: 8
* Coverage analysis for criterion CBRANCH
* Coverage of criterion CBRANCH: 58%
* Total number of goals: 48
* Number of covered goals: 28
* Generated 36 tests with total length 430
* Resulting test suite's coverage: 94% (average coverage for all fitness functions)
* Generating assertions
[MASTER] 13:48:03.285 [pool-2-thread-1] WARN  SimpleMutationAssertionGenerator - Assertion minimization is taking too long (0.6697777777777778% of time used, but only 8/36 tests minimized), falling back to using all assertions
* Resulting test suite's mutation score: 77%
* Compiling and checking tests
[MASTER] 13:48:05.225 [pool-2-thread-1] WARN  TimeController - Current phase JUNIT_CHECK could run up to 9s, but only 3s are left
[MASTER] 13:48:06.674 [pool-2-thread-1] WARN  TimeController - Current phase WRITING_TESTS could run up to 9s, but only 1s are left
* Writing JUnit test case 'AVLTree_ESTest' to C:\Users\mpran\OneDrive\Desktop\UH_Sem2\PAT\Hwbughunt\.evosuite\tmp_2022_04_16_13_46_06\tests
* Done!

